[    0.000000] Linux version 4.15.0-65-generic (buildd@lgw01-amd64-006) (gcc version 7.4.0 (Ubuntu 7.4.0-1ubuntu1~18.04.1)) #74-Ubuntu SMP Tue Sep 17 17:06:04 UTC 2019 (Ubuntu 4.15.0-65.74-generic 4.15.18)
[    0.000000] Command line: BOOT_IMAGE=/boot/vmlinuz-4.15.0-65-generic root=LABEL=cloudimg-rootfs ro console=tty1 console=ttyS0
[    0.000000] KERNEL supported cpus:
[    0.000000]   Intel GenuineIntel
[    0.000000]   AMD AuthenticAMD
[    0.000000]   Centaur CentaurHauls
[    0.000000] x86/fpu: Supporting XSAVE feature 0x001: 'x87 floating point registers'
[    0.000000] x86/fpu: Supporting XSAVE feature 0x002: 'SSE registers'
[    0.000000] x86/fpu: Supporting XSAVE feature 0x004: 'AVX registers'
[    0.000000] x86/fpu: xstate_offset[2]:  576, xstate_sizes[2]:  256
[    0.000000] x86/fpu: Enabled xstate features 0x7, context size is 832 bytes, using 'standard' format.
[    0.000000] e820: BIOS-provided physical RAM map:
[    0.000000] BIOS-e820: [mem 0x0000000000000000-0x000000000009fbff] usable
[    0.000000] BIOS-e820: [mem 0x000000000009fc00-0x000000000009ffff] reserved
[    0.000000] BIOS-e820: [mem 0x00000000000f0000-0x00000000000fffff] reserved
[    0.000000] BIOS-e820: [mem 0x0000000000100000-0x000000001ffeffff] usable
[    0.000000] BIOS-e820: [mem 0x000000001fff0000-0x000000001fffffff] ACPI data
[    0.000000] BIOS-e820: [mem 0x00000000fec00000-0x00000000fec00fff] reserved
[    0.000000] BIOS-e820: [mem 0x00000000fee00000-0x00000000fee00fff] reserved
[    0.000000] BIOS-e820: [mem 0x00000000fffc0000-0x00000000ffffffff] reserved
[    0.000000] NX (Execute Disable) protection: active
[    0.000000] SMBIOS 2.5 present.
[    0.000000] DMI: innotek GmbH VirtualBox/VirtualBox, BIOS VirtualBox 12/01/2006
[    0.000000] Hypervisor detected: KVM
[    0.000000] e820: last_pfn = 0x1fff0 max_arch_pfn = 0x400000000
[    0.000000] MTRR: Disabled
[    0.000000] x86/PAT: MTRRs disabled, skipping PAT initialization too.
[    0.000000] CPU MTRRs all blank - virtualized system.
[    0.000000] x86/PAT: Configuration [0-7]: WB  WT  UC- UC  WB  WT  UC- UC  
[    0.000000] found SMP MP-table at [mem 0x0009fff0-0x0009ffff]
[    0.000000] Scanning 1 areas for low memory corruption
[    0.000000] RAMDISK: [mem 0x1db7f000-0x1ee2ffff]
[    0.000000] ACPI: Early table checksum verification disabled
[    0.000000] ACPI: RSDP 0x00000000000E0000 000024 (v02 VBOX  )
[    0.000000] ACPI: XSDT 0x000000001FFF0030 00003C (v01 VBOX   VBOXXSDT 00000001 ASL  00000061)
[    0.000000] ACPI: FACP 0x000000001FFF00F0 0000F4 (v04 VBOX   VBOXFACP 00000001 ASL  00000061)
[    0.000000] ACPI: DSDT 0x000000001FFF0470 0022EA (v02 VBOX   VBOXBIOS 00000002 INTL 20100528)
[    0.000000] ACPI: FACS 0x000000001FFF0200 000040
[    0.000000] ACPI: FACS 0x000000001FFF0200 000040
[    0.000000] ACPI: APIC 0x000000001FFF0240 000054 (v02 VBOX   VBOXAPIC 00000001 ASL  00000061)
[    0.000000] ACPI: SSDT 0x000000001FFF02A0 0001CC (v01 VBOX   VBOXCPUT 00000002 INTL 20100528)
[    0.000000] No NUMA configuration found
[    0.000000] Faking a node at [mem 0x0000000000000000-0x000000001ffeffff]
[    0.000000] NODE_DATA(0) allocated [mem 0x1ffc5000-0x1ffeffff]
[    0.000000] kvm-clock: cpu 0, msr 0:1ff44001, primary cpu clock
[    0.000000] kvm-clock: Using msrs 4b564d01 and 4b564d00
[    0.000000] kvm-clock: using sched offset of 4276056748 cycles
[    0.000000] clocksource: kvm-clock: mask: 0xffffffffffffffff max_cycles: 0x1cd42e4dffb, max_idle_ns: 881590591483 ns
[    0.000000] Zone ranges:
[    0.000000]   DMA      [mem 0x0000000000001000-0x0000000000ffffff]
[    0.000000]   DMA32    [mem 0x0000000001000000-0x000000001ffeffff]
[    0.000000]   Normal   empty
[    0.000000]   Device   empty
[    0.000000] Movable zone start for each node
[    0.000000] Early memory node ranges
[    0.000000]   node   0: [mem 0x0000000000001000-0x000000000009efff]
[    0.000000]   node   0: [mem 0x0000000000100000-0x000000001ffeffff]
[    0.000000] Reserved but unavailable: 98 pages
[    0.000000] Initmem setup node 0 [mem 0x0000000000001000-0x000000001ffeffff]
[    0.000000] ACPI: PM-Timer IO Port: 0x4008
[    0.000000] IOAPIC[0]: apic_id 1, version 32, address 0xfec00000, GSI 0-23
[    0.000000] ACPI: INT_SRC_OVR (bus 0 bus_irq 0 global_irq 2 dfl dfl)
[    0.000000] ACPI: INT_SRC_OVR (bus 0 bus_irq 9 global_irq 9 low level)
[    0.000000] Using ACPI (MADT) for SMP configuration information
[    0.000000] smpboot: Allowing 1 CPUs, 0 hotplug CPUs
[    0.000000] PM: Registered nosave memory: [mem 0x00000000-0x00000fff]
[    0.000000] PM: Registered nosave memory: [mem 0x0009f000-0x0009ffff]
[    0.000000] PM: Registered nosave memory: [mem 0x000a0000-0x000effff]
[    0.000000] PM: Registered nosave memory: [mem 0x000f0000-0x000fffff]
[    0.000000] e820: [mem 0x20000000-0xfebfffff] available for PCI devices
[    0.000000] Booting paravirtualized kernel on KVM
[    0.000000] clocksource: refined-jiffies: mask: 0xffffffff max_cycles: 0xffffffff, max_idle_ns: 7645519600211568 ns
[    0.000000] random: get_random_bytes called from start_kernel+0x99/0x4fd with crng_init=0
[    0.000000] setup_percpu: NR_CPUS:8192 nr_cpumask_bits:1 nr_cpu_ids:1 nr_node_ids:1
[    0.000000] percpu: Embedded 46 pages/cpu s151552 r8192 d28672 u2097152
[    0.000000] PV qspinlock hash table entries: 256 (order: 0, 4096 bytes)
[    0.000000] Built 1 zonelists, mobility grouping on.  Total pages: 128889
[    0.000000] Policy zone: DMA32
[    0.000000] Kernel command line: BOOT_IMAGE=/boot/vmlinuz-4.15.0-65-generic root=LABEL=cloudimg-rootfs ro console=tty1 console=ttyS0
[    0.000000] Memory: 467528K/523832K available (12300K kernel code, 2481K rwdata, 4256K rodata, 2436K init, 2388K bss, 56304K reserved, 0K cma-reserved)
[    0.000000] SLUB: HWalign=64, Order=0-3, MinObjects=0, CPUs=1, Nodes=1
[    0.000000] Kernel/User page tables isolation: enabled
[    0.000000] ftrace: allocating 39301 entries in 154 pages
[    0.004000] Hierarchical RCU implementation.
[    0.004000] 	RCU restricting CPUs from NR_CPUS=8192 to nr_cpu_ids=1.
[    0.004000] 	Tasks RCU enabled.
[    0.004000] RCU: Adjusting geometry for rcu_fanout_leaf=16, nr_cpu_ids=1
[    0.004000] NR_IRQS: 524544, nr_irqs: 256, preallocated irqs: 16
[    0.004000] Console: colour VGA+ 80x25
[    0.004000] console [tty1] enabled
[    0.004000] console [ttyS0] enabled
[    0.004000] ACPI: Core revision 20170831
[    0.004000] ACPI: 2 ACPI AML tables successfully acquired and loaded
[    0.004000] APIC: Switch to symmetric I/O mode setup
[    0.004000] x2apic enabled
[    0.004000] Switched APIC routing to physical x2apic.
[    0.004000] ..TIMER: vector=0x30 apic1=0 pin1=2 apic2=-1 pin2=-1
[    0.004003] tsc: Detected 3408.000 MHz processor
[    0.004775] Calibrating delay loop (skipped) preset value.. 6816.00 BogoMIPS (lpj=13632000)
[    0.005275] pid_max: default: 32768 minimum: 301
[    0.006094] Security Framework initialized
[    0.006791] Yama: becoming mindful.
[    0.008019] AppArmor: AppArmor initialized
[    0.009387] Dentry cache hash table entries: 65536 (order: 7, 524288 bytes)
[    0.010514] Inode-cache hash table entries: 32768 (order: 6, 262144 bytes)
[    0.011596] Mount-cache hash table entries: 1024 (order: 1, 8192 bytes)
[    0.012004] Mountpoint-cache hash table entries: 1024 (order: 1, 8192 bytes)
[    0.013282] process: using mwait in idle threads
[    0.014141] Last level iTLB entries: 4KB 64, 2MB 8, 4MB 8
[    0.016002] Last level dTLB entries: 4KB 64, 2MB 0, 4MB 0, 1GB 4
[    0.017205] Spectre V1 : Mitigation: usercopy/swapgs barriers and __user pointer sanitization
[    0.018642] Spectre V2 : Mitigation: Full generic retpoline
[    0.020002] Spectre V2 : Spectre v2 / SpectreRSB mitigation: Filling RSB on context switch
[    0.021324] Speculative Store Bypass: Vulnerable
[    0.022115] MDS: Vulnerable: Clear CPU buffers attempted, no microcode
[    0.038545] Freeing SMP alternatives memory: 36K
[    0.149549] smpboot: CPU0: Intel(R) Core(TM) i7-6700 CPU @ 3.40GHz (family: 0x6, model: 0x5e, stepping: 0x3)
[    0.151539] Performance Events: unsupported p6 CPU model 94 no PMU driver, software events only.
[    0.152000] Hierarchical SRCU implementation.
[    0.152568] NMI watchdog: Perf event create on CPU 0 failed with -2
[    0.153577] NMI watchdog: Perf NMI watchdog permanently disabled
[    0.154566] smp: Bringing up secondary CPUs ...
[    0.155449] smp: Brought up 1 node, 1 CPU
[    0.156002] smpboot: Max logical packages: 1
[    0.156848] smpboot: Total of 1 processors activated (6816.00 BogoMIPS)
[    0.158023] devtmpfs: initialized
[    0.158696] x86/mm: Memory block size: 128MB
[    0.160108] evm: security.selinux
[    0.160713] evm: security.SMACK64
[    0.161423] evm: security.SMACK64EXEC
[    0.162094] evm: security.SMACK64TRANSMUTE
[    0.162804] evm: security.SMACK64MMAP
[    0.164004] evm: security.apparmor
[    0.164617] evm: security.ima
[    0.165114] evm: security.capability
[    0.165781] clocksource: jiffies: mask: 0xffffffff max_cycles: 0xffffffff, max_idle_ns: 7645041785100000 ns
[    0.167335] futex hash table entries: 256 (order: 2, 16384 bytes)
[    0.168039] pinctrl core: initialized pinctrl subsystem
[    0.169126] RTC time:  0:08:25, date: 10/11/19
[    0.170073] NET: Registered protocol family 16
[    0.171003] audit: initializing netlink subsys (disabled)
[    0.172101] cpuidle: using governor ladder
[    0.172856] cpuidle: using governor menu
[    0.173691] ACPI: bus type PCI registered
[    0.174522] acpiphp: ACPI Hot Plug PCI Controller Driver version: 0.5
[    0.176004] audit: type=2000 audit(1570752511.329:1): state=initialized audit_enabled=0 res=1
[    0.177748] PCI: Using configuration type 1 for base access
[    0.180463] HugeTLB registered 2.00 MiB page size, pre-allocated 0 pages
[    0.181735] ACPI: Added _OSI(Module Device)
[    0.182746] ACPI: Added _OSI(Processor Device)
[    0.184004] ACPI: Added _OSI(3.0 _SCP Extensions)
[    0.184977] ACPI: Added _OSI(Processor Aggregator Device)
[    0.186085] ACPI: Added _OSI(Linux-Dell-Video)
[    0.186952] ACPI: Added _OSI(Linux-Lenovo-NV-HDMI-Audio)
[    0.188016] ACPI: Added _OSI(Linux-HPI-Hybrid-Graphics)
[    0.189296] ACPI: Executed 1 blocks of module-level executable AML code
[    0.194989] ACPI: Interpreter enabled
[    0.195749] ACPI: (supports S0 S5)
[    0.196002] ACPI: Using IOAPIC for interrupt routing
[    0.197215] PCI: Using host bridge windows from ACPI; if necessary, use "pci=nocrs" and report a bug
[    0.199129] ACPI: Enabled 2 GPEs in block 00 to 07
[    0.206210] ACPI: PCI Root Bridge [PCI0] (domain 0000 [bus 00-ff])
[    0.207144] acpi PNP0A03:00: _OSC: OS supports [ASPM ClockPM Segments MSI]
[    0.208486] acpi PNP0A03:00: _OSC: not requesting OS control; OS requires [ExtendedConfig ASPM ClockPM MSI]
[    0.209966] acpi PNP0A03:00: fail to add MMCONFIG information, can't access extended PCI configuration space under this bridge.
[    0.212324] PCI host bridge to bus 0000:00
[    0.213252] pci_bus 0000:00: root bus resource [io  0x0000-0x0cf7 window]
[    0.214433] pci_bus 0000:00: root bus resource [io  0x0d00-0xffff window]
[    0.216003] pci_bus 0000:00: root bus resource [mem 0x000a0000-0x000bffff window]
[    0.217318] pci_bus 0000:00: root bus resource [mem 0x20000000-0xfdffffff window]
[    0.218901] pci_bus 0000:00: root bus resource [bus 00-ff]
[    0.221847] pci 0000:00:01.1: legacy IDE quirk: reg 0x10: [io  0x01f0-0x01f7]
[    0.223280] pci 0000:00:01.1: legacy IDE quirk: reg 0x14: [io  0x03f6]
[    0.224002] pci 0000:00:01.1: legacy IDE quirk: reg 0x18: [io  0x0170-0x0177]
[    0.225343] pci 0000:00:01.1: legacy IDE quirk: reg 0x1c: [io  0x0376]
[    0.237643] pci 0000:00:07.0: quirk: [io  0x4000-0x403f] claimed by PIIX4 ACPI
[    0.238875] pci 0000:00:07.0: quirk: [io  0x4100-0x410f] claimed by PIIX4 SMB
[    0.246169] ACPI: PCI Interrupt Link [LNKA] (IRQs 5 9 10 *11)
[    0.247837] ACPI: PCI Interrupt Link [LNKB] (IRQs 5 9 *10 11)
[    0.248132] ACPI: PCI Interrupt Link [LNKC] (IRQs 5 *9 10 11)
[    0.249648] ACPI: PCI Interrupt Link [LNKD] (IRQs 5 9 10 *11)
[    0.252322] SCSI subsystem initialized
[    0.253087] pci 0000:00:02.0: vgaarb: setting as boot VGA device
[    0.254291] pci 0000:00:02.0: vgaarb: VGA device added: decodes=io+mem,owns=io+mem,locks=none
[    0.255840] pci 0000:00:02.0: vgaarb: bridge control possible
[    0.256002] vgaarb: loaded
[    0.256552] ACPI: bus type USB registered
[    0.257923] usbcore: registered new interface driver usbfs
[    0.258930] usbcore: registered new interface driver hub
[    0.260013] usbcore: registered new device driver usb
[    0.260995] EDAC MC: Ver: 3.0.0
[    0.261851] PCI: Using ACPI for IRQ routing
[    0.262976] NetLabel: Initializing
[    0.264002] NetLabel:  domain hash size = 128
[    0.264795] NetLabel:  protocols = UNLABELED CIPSOv4 CALIPSO
[    0.265769] NetLabel:  unlabeled traffic allowed by default
[    0.266846] clocksource: Switched to clocksource kvm-clock
[    0.283240] VFS: Disk quotas dquot_6.6.0
[    0.284026] VFS: Dquot-cache hash table entries: 512 (order 0, 4096 bytes)
[    0.285363] AppArmor: AppArmor Filesystem Enabled
[    0.286987] pnp: PnP ACPI init
[    0.288578] pnp: PnP ACPI: found 3 devices
[    0.294629] clocksource: acpi_pm: mask: 0xffffff max_cycles: 0xffffff, max_idle_ns: 2085701024 ns
[    0.296028] NET: Registered protocol family 2
[    0.296920] TCP established hash table entries: 4096 (order: 3, 32768 bytes)
[    0.298161] TCP bind hash table entries: 4096 (order: 4, 65536 bytes)
[    0.299118] TCP: Hash tables configured (established 4096 bind 4096)
[    0.300077] UDP hash table entries: 256 (order: 1, 8192 bytes)
[    0.300984] UDP-Lite hash table entries: 256 (order: 1, 8192 bytes)
[    0.302404] NET: Registered protocol family 1
[    0.303128] pci 0000:00:00.0: Limiting direct PCI/PCI transfers
[    0.304081] pci 0000:00:01.0: Activating ISA DMA hang workarounds
[    0.305177] pci 0000:00:02.0: Video device with shadowed ROM at [mem 0x000c0000-0x000dffff]
[    0.306810] Unpacking initramfs...
[    0.590302] Freeing initrd memory: 19140K
[    0.591075] clocksource: tsc: mask: 0xffffffffffffffff max_cycles: 0x311fd3cd494, max_idle_ns: 440795223879 ns
[    0.592905] platform rtc_cmos: registered platform RTC device (no PNP device found)
[    0.594184] Scanning for low memory corruption every 60 seconds
[    0.595603] Initialise system trusted keyrings
[    0.596376] Key type blacklist registered
[    0.597077] workingset: timestamp_bits=36 max_order=17 bucket_order=0
[    0.599348] zbud: loaded
[    0.600176] squashfs: version 4.0 (2009/01/31) Phillip Lougher
[    0.601229] fuse init (API version 7.26)
[    0.602455] Key type asymmetric registered
[    0.603095] Asymmetric key parser 'x509' registered
[    0.603896] Block layer SCSI generic (bsg) driver version 0.4 loaded (major 246)
[    0.605054] io scheduler noop registered
[    0.605737] io scheduler deadline registered
[    0.606434] io scheduler cfq registered (default)
[    0.607376] ACPI: AC Adapter [AC] (on-line)
[    0.608134] input: Power Button as /devices/LNXSYSTM:00/LNXPWRBN:00/input/input0
[    0.609656] ACPI: Power Button [PWRF]
[    0.610289] input: Sleep Button as /devices/LNXSYSTM:00/LNXSLPBN:00/input/input1
[    0.611829] ACPI: Sleep Button [SLPF]
[    0.613328] Serial: 8250/16550 driver, 32 ports, IRQ sharing enabled
[    0.635569] 00:02: ttyS0 at I/O 0x3f8 (irq = 4, base_baud = 115200) is a 16550A
[    0.640575] Linux agpgart interface v0.103
[    0.642404] loop: module loaded
[    0.643640] scsi host0: ata_piix
[    0.644435] scsi host1: ata_piix
[    0.645220] ata1: PATA max UDMA/33 cmd 0x1f0 ctl 0x3f6 bmdma 0xd000 irq 14
[    0.646345] ata2: PATA max UDMA/33 cmd 0x170 ctl 0x376 bmdma 0xd008 irq 15
[    0.647809] libphy: Fixed MDIO Bus: probed
[    0.648904] tun: Universal TUN/TAP device driver, 1.6
[    0.649881] PPP generic driver version 2.4.2
[    0.650964] ehci_hcd: USB 2.0 'Enhanced' Host Controller (EHCI) Driver
[    0.652176] ehci-pci: EHCI PCI platform driver
[    0.653080] ehci-platform: EHCI generic platform driver
[    0.654004] ohci_hcd: USB 1.1 'Open' Host Controller (OHCI) Driver
[    0.655118] ohci-pci: OHCI PCI platform driver
[    0.656032] ohci-platform: OHCI generic platform driver
[    0.656998] uhci_hcd: USB Universal Host Controller Interface driver
[    0.658209] i8042: PNP: PS/2 Controller [PNP0303:PS2K,PNP0f03:PS2M] at 0x60,0x64 irq 1,12
[    0.660151] serio: i8042 KBD port at 0x60,0x64 irq 1
[    0.661025] serio: i8042 AUX port at 0x60,0x64 irq 12
[    0.661877] mousedev: PS/2 mouse device common for all mice
[    0.663025] input: AT Translated Set 2 keyboard as /devices/platform/i8042/serio0/input/input2
[    0.665106] rtc_cmos rtc_cmos: rtc core: registered rtc_cmos as rtc0
[    0.666295] rtc_cmos rtc_cmos: alarms up to one day, 114 bytes nvram
[    0.667405] i2c /dev entries driver
[    0.668239] device-mapper: uevent: version 1.0.3
[    0.669134] device-mapper: ioctl: 4.37.0-ioctl (2017-09-20) initialised: dm-devel@redhat.com
[    0.670687] ledtrig-cpu: registered to indicate activity on CPUs
[    0.671860] intel_pmc_core:  initialized
[    0.672849] NET: Registered protocol family 10
[    0.676332] Segment Routing with IPv6
[    0.677052] NET: Registered protocol family 17
[    0.678106] Key type dns_resolver registered
[    0.679280] mce: Using 0 MCE banks
[    0.679950] RAS: Correctable Errors collector initialized.
[    0.680986] sched_clock: Marking stable (680945743, 0)->(838149600, -157203857)
[    0.682703] registered taskstats version 1
[    0.683455] Loading compiled-in X.509 certificates
[    0.686129] Loaded X.509 cert 'Build time autogenerated kernel key: 3a65b6a3c8b5d6b297d77c25be9161529933bc49'
[    0.688052] zswap: loaded using pool lzo/zbud
[    0.691139] Key type big_key registered
[    0.691953] Key type trusted registered
[    0.694077] Key type encrypted registered
[    0.694888] AppArmor: AppArmor sha1 policy hashing enabled
[    0.695790] ima: No TPM chip found, activating TPM-bypass! (rc=-19)
[    0.697000] ima: Allocated hash algorithm: sha1
[    0.698133] evm: HMAC attrs: 0x1
[    0.699025]   Magic number: 7:910:101
[    0.699829] rtc_cmos rtc_cmos: setting system clock to 2019-10-11 00:08:26 UTC (1570752506)
[    0.701475] BIOS EDD facility v0.16 2004-Jun-25, 0 devices found
[    0.702585] EDD information not available.
[    0.810778] Freeing unused kernel image memory: 2436K
[    0.820028] Write protecting the kernel read-only data: 20480k
[    0.821556] Freeing unused kernel image memory: 2008K
[    0.822678] Freeing unused kernel image memory: 1888K
[    0.830938] x86/mm: Checked W+X mappings: passed, no W+X pages found.
[    0.832266] x86/mm: Checking user space page tables
[    0.840310] x86/mm: Checked W+X mappings: passed, no W+X pages found.
Loading, please wait...
starting version 237
[    0.938116] e1000: Intel(R) PRO/1000 Network Driver - version 7.3.21-k8-NAPI
[    0.939442] e1000: Copyright (c) 1999-2006 Intel Corporation.
[    0.945574] Fusion MPT base driver 3.04.20
[    0.946470] Copyright (c) 1999-2008 LSI Corporation
[    0.957944] Fusion MPT SPI Host driver 3.04.20
[    0.973637] AVX2 version of gcm_enc/dec engaged.
[    0.974469] AES CTR mode by8 optimization enabled
[    1.155258] input: ImExPS/2 Generic Explorer Mouse as /devices/platform/i8042/serio1/input/input4
[    1.353185] e1000 0000:00:03.0 eth0: (PCI:33MHz:32-bit) 02:2b:96:53:67:6c
[    1.354474] e1000 0000:00:03.0 eth0: Intel(R) PRO/1000 Network Connection
[    1.356461] mptbase: ioc0: Initiating bringup
[    1.452375] ioc0: LSI53C1030 A0: Capabilities={Initiator}
[    1.694522] scsi host2: ioc0: LSI53C1030 A0, FwRev=00000000h, Ports=1, MaxQ=256, IRQ=20
[    1.860842] scsi 2:0:0:0: Direct-Access     VBOX     HARDDISK         1.0  PQ: 0 ANSI: 5
[    1.862336] scsi target2:0:0: Beginning Domain Validation
[    1.867264] scsi target2:0:0: Domain Validation skipping write tests
[    1.868355] scsi target2:0:0: Ending Domain Validation
[    1.869314] scsi target2:0:0: asynchronous
[    1.870414] random: fast init done
[    1.871514] scsi 2:0:1:0: Direct-Access     VBOX     HARDDISK         1.0  PQ: 0 ANSI: 5
[    1.873228] scsi target2:0:1: Beginning Domain Validation
[    1.876331] scsi target2:0:1: Domain Validation skipping write tests
[    1.877674] scsi target2:0:1: Ending Domain Validation
[    1.878756] scsi target2:0:1: asynchronous
[    1.884912] random: systemd-udevd: uninitialized urandom read (16 bytes read)
[    1.886151] random: systemd-udevd: uninitialized urandom read (16 bytes read)
[    1.887592] random: systemd-udevd: uninitialized urandom read (16 bytes read)
[    1.889222] sd 2:0:0:0: Attached scsi generic sg0 type 0
[    1.890206] sd 2:0:0:0: [sda] 20971520 512-byte logical blocks: (10.7 GB/10.0 GiB)
[    1.891526] sd 2:0:0:0: [sda] Write Protect is off
[    1.892739] sd 2:0:1:0: Attached scsi generic sg1 type 0
[    1.893768] sd 2:0:1:0: [sdb] 20480 512-byte logical blocks: (10.5 MB/10.0 MiB)
[    1.895043] sd 2:0:0:0: [sda] Incomplete mode parameter data
[    1.896094] sd 2:0:0:0: [sda] Assuming drive cache: write through
[    1.897296] sd 2:0:1:0: [sdb] Write Protect is off
[    1.898764] sd 2:0:1:0: [sdb] Incomplete mode parameter data
[    1.899750] sd 2:0:1:0: [sdb] Assuming drive cache: write through
[    1.910914]  sda: sda1
[    1.921506] sd 2:0:0:0: [sda] Attached SCSI disk
[    1.927352] sd 2:0:1:0: [sdb] Attached SCSI disk
[    2.268858] e1000 0000:00:08.0 eth1: (PCI:33MHz:32-bit) 08:00:27:89:93:19
[    2.270009] e1000 0000:00:08.0 eth1: Intel(R) PRO/1000 Network Connection
[    2.272131] e1000 0000:00:08.0 enp0s8: renamed from eth1
[    2.274911] e1000 0000:00:03.0 enp0s3: renamed from eth0
Begin: Loading essential drivers ... [    3.728592] raid6: sse2x1   gen() 12472 MB/s
[    3.776080] raid6: sse2x1   xor()  8856 MB/s
[    3.824204] raid6: sse2x2   gen() 14799 MB/s
[    3.872747] raid6: sse2x2   xor() 10072 MB/s
[    3.920343] raid6: sse2x4   gen() 17472 MB/s
[    3.968220] raid6: sse2x4   xor() 10942 MB/s
[    4.016045] raid6: avx2x1   gen() 24555 MB/s
[    4.064296] raid6: avx2x1   xor() 17361 MB/s
[    4.112119] raid6: avx2x2   gen() 29491 MB/s
[    4.160650] raid6: avx2x2   xor() 18556 MB/s
[    4.208304] raid6: avx2x4   gen() 33685 MB/s
[    4.256088] raid6: avx2x4   xor() 21222 MB/s
[    4.257004] raid6: using algorithm avx2x4 gen() 33685 MB/s
[    4.258007] raid6: .... xor() 21222 MB/s, rmw enabled
[    4.259041] raid6: using avx2x2 recovery algorithm
[    4.262073] xor: automatically using best checksumming function   avx       
[    4.264660] async_tx: api initialized (async)
done.
Begin: Running /scripts/init-premount ... done.
Begin: Mounting root file system ... Begin: Running /scripts/local-top ... done.
Begin: Running /scripts/local-premount ... [    4.312090] Btrfs loaded, crc32c=crc32c-intel
Scanning for Btrfs filesystems
done.
Warning: fsck not present, so skipping root file system
[    4.343814] EXT4-fs (sda1): mounted filesystem with ordered data mode. Opts: (null)
done.
Begin: Running /scripts/local-bottom ... done.
Begin: Running /scripts/init-bottom ... done.
[    4.547775] ip_tables: (C) 2000-2006 Netfilter Core Team
[    4.560490] systemd[1]: systemd 237 running in system mode. (+PAM +AUDIT +SELINUX +IMA +APPARMOR +SMACK +SYSVINIT +UTMP +LIBCRYPTSETUP +GCRYPT +GNUTLS +ACL +XZ +LZ4 +SECCOMP +BLKID +ELFUTILS +KMOD -IDN2 +IDN -PCRE2 default-hierarchy=hybrid)
[    4.564096] systemd[1]: Detected virtualization oracle.
[    4.565371] systemd[1]: Detected architecture x86-64.

Welcome to [1mUbuntu 18.04.3 LTS[0m!

[    4.580957] systemd[1]: Set hostname to <ubuntu>.
[    4.591005] systemd[1]: Initializing machine ID from random generator.
[    4.592369] systemd[1]: Installed transient /etc/machine-id file.
[    4.885611] systemd[1]: Reached target System Time Synchronized.
[[0;32m  OK  [0m] Reached target System Time Synchronized.
[    4.887382] systemd[1]: Reached target User and Group Name Lookups.
[[0;32m  OK  [0m] Reached target User and Group Name Lookups.
[    4.889879] systemd[1]: Created slice User and Session Slice.
[[0;32m  OK  [0m] Created slice User and Session Slice.
[    4.891721] systemd[1]: Set up automount Arbitrary Executable File Formats File System Automount Point.
[[0;32m  OK  [0m] Set up automount Arbitrary Executab…rmats File System Automount Point.
[[0;32m  OK  [0m] Created slice System Slice.
[[0;32m  OK  [0m] Reached target Slices.
[[0;32m  OK  [0m] Listening on Network Service Netlink Socket.
[[0;32m  OK  [0m] Listening on udev Kernel Socket.
[[0;32m  OK  [0m] Created slice system-serial\x2dgetty.slice.
[[0;32m  OK  [0m] Listening on Device-mapper event daemon FIFOs.
[[0;32m  OK  [0m] Listening on Journal Socket.
         Starting Remount Root and Kernel File Systems...
[    4.965757] EXT4-fs (sda1): re-mounted. Opts: (null)
         Mounting POSIX Message Queue File System...
         Starting Load Kernel Modules...
[[0;32m  OK  [0m] Listening on Journal Audit Socket.
[[0;32m  OK  [0m] Listening on Syslog Socket.
[    4.999214] Loading iSCSI transport class v2.0-870.
         Mounting Huge Pages File System...
[    5.007736] iscsi: registered transport (tcp)
[[0;32m  OK  [0m] Listening on udev Control Socket.
         Starting udev Coldplug all Devices...
[[0;32m  OK  [0m] Listening on LVM2 poll daemon socket.
[    5.027404] iscsi: registered transport (iser)
         Mounting Kernel Debug File System...
[[0;32m  OK  [0m] Listening on LVM2 metadata daemon socket.
         Starting Monitoring of LVM2 mirrors…ng dmeventd or progress polling...
         Starting Set the console keyboard layout...
[[0;32m  OK  [0m] Reached target Swap.
[[0;32m  OK  [0m] Started Forward Password Requests to Wall Directory Watch.
[[0;32m  OK  [0m] Listening on Journal Socket (/dev/log).
         Starting Journal Service...
[[0;32m  OK  [0m] Listening on /dev/initctl Compatibility Named Pipe.
         Starting Uncomplicated firewall...
         Starting Create list of required st…ce nodes for the current kernel...
[[0;32m  OK  [0m] Started Remount Root and Kernel File Systems.
[[0;32m  OK  [0m] Mounted POSIX Message Queue File System.
[[0;32m  OK  [0m] Started Load Kernel Modules.
[[0;32m  OK  [0m] Mounted Huge Pages File System.
[[0;32m  OK  [0m] Mounted Kernel Debug File System.
[[0;32m  OK  [0m] Started Uncomplicated firewall.
[[0;32m  OK  [0m] Started LVM2 metadata daemon.
         Mounting FUSE Control File System...
         Mounting Kernel Configuration File System...
         Starting Apply Kernel Variables...
         Starting Load/Save Random Seed...
[[0;32m  OK  [0m] Started Create list of required sta…vice nodes for the current kernel.
[[0;32m  OK  [0m] Mounted FUSE Control File System.
[[0;32m  OK  [0m] Mounted Kernel Configuration File System.
[[0;32m  OK  [0m] Started Journal Service.
         Starting Flush Journal to Persistent Storage...
         Starting Create Static Device Nodes in /dev...
[[0;32m  OK  [0m] Started Monitoring of LVM2 mirrors,…sing dmeventd or progress polling.
[[0;32m  OK  [0m] Started Load/Save Random Seed.
[[0;32m  OK  [0m] Started udev Coldplug all Devices.
[[0;32m  OK  [0m] Started Apply Kernel Variables.
[[0;32m  OK  [0m] Started Create Static Device Nodes in /dev.
         Starting udev Kernel Device Manager...
[[0;32m  OK  [0m] Started Flush Journal to Persistent Storage.
[[0;32m  OK  [0m] Started udev Kernel Device Manager.
[[0;32m  OK  [0m] Found device /dev/ttyS0.
[[0;32m  OK  [0m] Listening on Load/Save RF Kill Switch Status /dev/rfkill Watch.
[[0;32m  OK  [0m] Started Set the console keyboard layout.
[[0;32m  OK  [0m] Reached target Local File Systems (Pre).
[[0;32m  OK  [0m] Reached target Local File Systems.
         Starting Create Volatile Files and Directories...
         Starting Tell Plymouth To Write Out Runtime Data...
         Starting ebtables ruleset management...
         Starting Commit a transient machine-id on disk...
         Starting Set console font and keymap...
         Starting AppArmor initialization...
[[0;32m  OK  [0m] Started Dispatch Password Requests to Console Directory Watch.
[[0;32m  OK  [0m] Reached target Local Encrypted Volumes.
[[0;32m  OK  [0m] Started Create Volatile Files and Directories.
[[0;32m  OK  [0m] Started Tell Plymouth To Write Out Runtime Data.
         Starting Update UTMP about System Boot/Shutdown...
[[0;32m  OK  [0m] Started Set console font and keymap.
[[0;32m  OK  [0m] Started Commit a transient machine-id on disk.
[[0;32m  OK  [0m] Started Update UTMP about System Boot/Shutdown.
[[0;32m  OK  [0m] Started ebtables ruleset management.
[[0;32m  OK  [0m] Started AppArmor initialization.
         Starting Initial cloud-init job (pre-networking)...
[   10.157879] cloud-init[609]: Cloud-init v. 19.2-36-g059d049c-0ubuntu2~18.04.1 running 'init-local' at Fri, 11 Oct 2019 00:08:35 +0000. Up 9.73 seconds.
[[0;32m  OK  [0m] Started Initial cloud-init job (pre-networking).
[[0;32m  OK  [0m] Reached target Network (Pre).
         Starting Network Service...
[[0;32m  OK  [0m] Started Network Service.
         Starting Wait for Network to be Configured...
         Starting Network Name Resolution...
[[0;32m  OK  [0m] Started Network Name Resolution.
[[0;32m  OK  [0m] Reached target Host and Network Name Lookups.
[[0;32m  OK  [0m] Reached target Network.
[[0;32m  OK  [0m] Started Wait for Network to be Configured.
         Starting Initial cloud-init job (metadata service crawler)...
[   12.233349] cloud-init[722]: Cloud-init v. 19.2-36-g059d049c-0ubuntu2~18.04.1 running 'init' at Fri, 11 Oct 2019 00:08:37 +0000. Up 12.01 seconds.
[   12.244551] cloud-init[722]: ci-info: ++++++++++++++++++++++++++++++++++++++Net device info+++++++++++++++++++++++++++++++++++++++
[   12.256481] cloud-init[722]: ci-info: +--------+-------+----------------------------+---------------+--------+-------------------+
[   12.258174] cloud-init[722]: ci-info: | Device |   Up  |          Address           |      Mask     | Scope  |     Hw-Address    |
[   12.260759] cloud-init[722]: ci-info: +--------+-------+----------------------------+---------------+--------+-------------------+
[   12.268343] cloud-init[722]: ci-info: | enp0s3 |  True |         10.0.2.15          | 255.255.255.0 | global | 02:2b:96:53:67:6c |
[   12.270380] cloud-init[722]: ci-info: | enp0s3 |  True | fe80::2b:96ff:fe53:676c/64 |       .       |  link  | 02:2b:96:53:67:6c |
[   12.275667] cloud-init[722]: ci-info: | enp0s8 | False |             .              |       .       |   .    | 08:00:27:89:93:19 |
[   12.277689] cloud-init[722]: ci-info: |   lo   |  True |         127.0.0.1          |   255.0.0.0   |  host  |         .         |
[   12.281547] cloud-init[722]: ci-info: |   lo   |  True |          ::1/128           |       .       |  host  |         .         |
[   12.283814] cloud-init[722]: ci-info: +--------+-------+----------------------------+---------------+--------+-------------------+
[   12.288065] cloud-init[722]: ci-info: ++++++++++++++++++++++++++++Route IPv4 info+++++++++++++++++++++++++++++
[   12.290438] cloud-init[722]: ci-info: +-------+-------------+----------+-----------------+-----------+-------+
[   12.293858] cloud-init[722]: ci-info: | Route | Destination | Gateway  |     Genmask     | Interface | Flags |
[   12.296253] cloud-init[722]: ci-info: +-------+-------------+----------+-----------------+-----------+-------+
[   12.300420] cloud-init[722]: ci-info: |   0   |   0.0.0.0   | 10.0.2.2 |     0.0.0.0     |   enp0s3  |   UG  |
[   12.301438] cloud-init[722]: ci-info: |   1   |   10.0.2.0  | 0.0.0.0  |  255.255.255.0  |   enp0s3  |   U   |
[   12.302924] cloud-init[722]: ci-info: |   2   |   10.0.2.2  | 0.0.0.0  | 255.255.255.255 |   enp0s3  |   UH  |
[   12.307912] cloud-init[722]: ci-info: +-------+-------------+----------+-----------------+-----------+-------+
[   12.320855] cloud-init[722]: ci-info: +++++++++++++++++++Route IPv6 info+++++++++++++++++++
[   12.322050] cloud-init[722]: ci-info: +-------+-------------+---------+-----------+-------+
[   12.323295] cloud-init[722]: ci-info: | Route | Destination | Gateway | Interface | Flags |
[   12.324285] cloud-init[722]: ci-info: +-------+-------------+---------+-----------+-------+
[   12.327950] cloud-init[722]: ci-info: |   1   |  fe80::/64  |    ::   |   enp0s3  |   U   |
[   12.330417] cloud-init[722]: ci-info: |   3   |    local    |    ::   |   enp0s3  |   U   |
[   12.332255] cloud-init[722]: ci-info: |   4   |   ff00::/8  |    ::   |   enp0s3  |   U   |
[   12.344430] cloud-init[722]: ci-info: +-------+-------------+---------+-----------+-------+
[   12.853304] cloud-init[722]: Generating public/private rsa key pair.
[   12.854191] cloud-init[722]: Your identification has been saved in /etc/ssh/ssh_host_rsa_key.
[   12.854997] cloud-init[722]: Your public key has been saved in /etc/ssh/ssh_host_rsa_key.pub.
[   12.856342] cloud-init[722]: The key fingerprint is:
[   12.860232] cloud-init[722]: SHA256:Bnh8865fQ8RBJ964+E+MlapxNmbQOr1tFOJJS+8rVhc root@ubuntu-bionic
[   12.872226] cloud-init[722]: The key's randomart image is:
[   12.884331] cloud-init[722]: +---[RSA 2048]----+
[   12.896272] cloud-init[722]: |           .+ .  |
[   12.908198] cloud-init[722]: |     o     o *   |
[[0;32m  OK  [0m] Started Initial cloud-init job (metadata service crawler).
[[0;32m  OK  [0m] Reached target System Initialization.
[[0;32m  OK  [0m] Listening on ACPID Listen Socket.
[   12.923323] cloud-init[722]: |    . + o   = .  |[[0;32m  OK  [0m] Started ACPI Events Check.
[   12.941920] cloud-init[722]: |     . o o ++..E |

[[0;32m  OK  [0m] Started Message of the Day.
[[0;32m  OK  [0m] Listening on Open-iSCSI iscsid Socket.
         Starting Socket activation for snappy daemon.
[[0;32m  OK  [0m] Started Discard unused blocks once a week.
[[0;32m  OK  [0m] Listening on D-Bus System Message Bus Socket.
[[0;32m  OK  [0m] Listening on UUID daemon activation socket.
[[0;32m  OK  [0m] Started Daily apt download activities.
[[0;32m  OK  [0m] Started Daily Cleanup of Temporary Directories.
[[0;32m  OK  [0m] Reached target Paths.
[[0;32m  OK  [0m] Started Daily apt upgrade and clean activities.
[[0;32m  OK  [0m] Reached target Timers.
[   12.967115]          cloud-init[722]: |        S +++=o..|
[   12.969261] cloud-init[722]: |       . . *+=+ .|
[   12.970129] cloud-init[722]: |          = &+o. |
[   12.971043] cloud-init[722]: |         . XoBo  |
[   12.971818] cloud-initStarting LXD - unix socket.
[[0;32m  OK  [0m] Reached target Network is Online.
[[0;32m  OK  [0m] Reached target Remote File Systems (Pre).
[[0;32m  OK  [0m] Reached target Remote File Systems.
         Starting Availability of block devices...
[[0;32m  OK  [0m] Reached target Cloud-config availability.
[[0;32m  OK  [0m] Listening on Socket activation for snappy daemon.
[[0;32m  OK  [0m] Listening on LXD - unix socket.
[[0;32m  OK  [0m] Reached target Sockets.
[[0;32m  OK  [0m] Reached target Basic System.
[722]: |        ..o..o+. |
         Starting Dispatcher daemon for systemd-networkd...
[   13.003740] cloud-init[722]: +----[SHA256]-----+
         Starting Pollinate to seed the pseudo random number generator...
[[0;32m  OK  [0m] Started D-Bus System Message Bus.
[   13.008351] cloud-init[722]: Generating public/private dsa key pair.
[   13.016229] cloud-init[722]: Your identification has been saved in /etc/ssh/ssh_host_dsa_key.
[   13.020433] cloud-init[722]: Your public key has been saved in /etc/ssh/ssh_host_dsa_key.pub.
[   13.027156] cloud-init[722]: The key fingerprint is:
[   13.032133] cloud-init[722]: SHA256:IikaluBPANBS2Sn+RTvNWeQD/6HxQl0xjJ3UueyQxPg root@ubuntu-bionic
[   13.038595] cloud-init[722]: The key's randomart image is:
[[0;32m  OK  [0m] Started Regular background program processing daemon.[   13.065008] cloud-init[722]: +---[DSA 1024]----+
[   13.066136] cloud-init[722]: |+o.o .  ... o==+.|
[   13.066963] cloud-init
[722]: |o + o .  +.o.++o.|
         Starting Login Service...
[   13.072582]          Starting LXD - container startup/shutdown...
cloud-init[722]: |.+ . . + o* = o .|
         Starting Accounts Service...
         Starting Virtualbox guest utils...
[[0;32m  OK  [0m] Started irqbalance daemon.
[[0;32m  OK  [0m] Started Deferred execution scheduler.
[   13.096693] [[0;32m  OK  [0m] Started FUSE filesystem for LXC.
cloud-init[722]: |o +  .+ +. * E o |         Starting Permit User Sessions...
         Starting LSB: Record successful boot for GRUB...

[   13.114022] cloud-init         Starting System Logging Service...
[722]: |.+.oo...S o o o  |
[   13.123874] cloud-init[722]: |.oo... .   .   . |
[   13.128808] cloud-init[722]: |.  .             |
[   13.135522] cloud-init[722]: |                 |
[   13.138297] cloud-init[722]: |                 |
[   13.140076] cloud-init[722]: +----[SHA256]-----+
[   13.152484] cloud-init[722]: Generating public/private ecdsa key pair.
[   13.153869] cloud-init[722]: Your identification has been saved in /etc/ssh/ssh_host_ecdsa_key.
[   13.155321] cloud-init[722]: Your public key has been saved in /etc/ssh/ssh_host_ecdsa_key.pub.
[   13.161697] cloud-init[722]: The key fingerprint is:
[   13.165143] cloud-init[722]: SHA256:8rsRbcx7Oe8KlXf+whRMDjo/jxAZ852CP63C4+Cuwhw root@ubuntu-bionic
[   13.173995] cloud-init[722]: The key's randomart image is:
[   13.178605] cloud-init[722]: +---[ECDSA 256]---+
[   13.182670] cloud-init[722]: |                 |
[   13.188477] cloud-init[722]: |          o . .  |
[   13.202771] cloud-init[722]: |           B * . |
[   13.209815] cloud-init[722]: |         +* o.*  |
[   13.216614] cloud-init[722]: |      . S ==oo...|
[   13.219796] cloud-init[722]: |    E  o o.o=ooo |
[   13.220326] cloud-init[722]: |   o .  +.o.+O  .|
[   13.221729] cloud-init[722]: |    +  . ++ooo+ .|
[   13.222721] cloud-init[722]: |     ..o=o.o.oo..|
[   13.223215] cloud-init[722]: +----[SHA256]-----+
[   13.224268] cloud-init[722]: Generating public/private ed25519 key pair.
[   13.228371]          Starting Snappy daemon...
         Starting LSB: automatic crash report generation...
cloud-init[722]: Your identification has been saved in /etc/ssh/ssh_host_ed25519_key.[[0;32m  OK  [0m] Started Availability of block devices.
[[0;32m  OK  [0m] Started Permit User Sessions.
         Starting Terminate Plymouth Boot Screen...

         Starting Hold until boot process finishes up...
[[0;32m  OK  [0m] Started Hold until boot process finishes up.
[[0;32m  OK  [0m] Started Serial Getty on ttyS0.
[   13.266741]          Starting Set console scheme...
[[0;32m  OK  [0m] Started Terminate Plymouth Boot Screen.
cloud-init[722]: Your public key has been saved in /etc/ssh/ssh_host_ed25519_key.pub.
[   13.282118] cloud-init[722]: The key fingerprint is:
[   13.286646] cloud-init[722]: SHA256:9kGaxKekB2NG0653XwwqcWnTntrLl2P+BOhaH/LpmxY root@ubuntu-bionic
[   13.290124] cloud-init[722]: The key's randomart image is:
[   13.291003] cloud-init[722]: +--[ED25519 256]--+
[   13.291495] cloud-init[722]: |      o.         |
[   13.301006] cloud-init[722]: |     . o.        |
[   13.301967] cloud-init[722]: |      =.+ oo     |
[   13.302827] cloud-init[722]: |     o *o*= o.   |
[   13.312462] cloud-init[722]: |      ..S+.+.+.  |
[   13.313359] cloud-init[722]: |      .oo.ooo E. |
[   13.313941] cloud-init[722]: |       . o.++..o.|
[   13.324209] cloud-init[722]: |          .+o+*= |
[   13.328927] cloud-init[722]: |          . oBO+.|
[   13.330076] cloud-init[722]: +----[SHA256]-----+
[[0;32m  OK  [0m] Started System Logging Service.
[[0;32m  OK  [0m] Started Set console scheme.
[[0;32m  OK  [0m] Started Login Service.
[[0;32m  OK  [0m] Started Unattended Upgrades Shutdown.
[[0;32m  OK  [0m] Created slice system-getty.slice.
[[0;32m  OK  [0m] Started Getty on tty1.
[[0;32m  OK  [0m] Reached target Login Prompts.
         Starting Authorization Manager...
[[0;32m  OK  [0m] Started Authorization Manager.
[[0;32m  OK  [0m] Started Accounts Service.
[[0;32m  OK  [0m] Started LXD - container startup/shutdown.
[[0;32m  OK  [0m] Started LSB: automatic crash report generation.
[[0;32m  OK  [0m] Started Virtualbox guest utils.
[[0;32m  OK  [0m] Started LSB: Record successful boot for GRUB.
[[0;32m  OK  [0m] Started Dispatcher daemon for systemd-networkd.
[[0;32m  OK  [0m] Started Snappy daemon.
         Starting Wait until snapd is fully seeded...
[[0;32m  OK  [0m] Started Pollinate to seed the pseudo random number generator.
         Starting OpenBSD Secure Shell server...
[[0;32m  OK  [0m] Started OpenBSD Secure Shell server.
[[0;32m  OK  [0m] Created slice User Slice of vagrant.
         Starting User Manager for UID 1000...
[[0;32m  OK  [0m] Started Session 1 of user vagrant.
[[0;32m  OK  [0m] Started User Manager for UID 1000.
[[0;32m  OK  [0m] Started Wait until snapd is fully seeded.
[[0;32m  OK  [0m] Reached target Multi-User System.
[[0;32m  OK  [0m] Reached target Graphical Interface.
         Starting Update UTMP about System Runlevel Changes...
         Starting Apply the settings specified in cloud-config...
[[0;32m  OK  [0m] Started Update UTMP about System Runlevel Changes.
[   18.294300] cloud-init[1171]: Cloud-init v. 19.2-36-g059d049c-0ubuntu2~18.04.1 running 'modules:config' at Fri, 11 Oct 2019 00:08:43 +0000. Up 17.45 seconds.

Ubuntu 18.04.3 LTS ubuntu-bionic ttyS0

ubuntu-bionic login: ci-info: no authorized ssh keys fingerprints found for user ubuntu.
<14>Oct 11 00:08:45 ec2: 
<14>Oct 11 00:08:45 ec2: #############################################################
<14>Oct 11 00:08:45 ec2: -----BEGIN SSH HOST KEY FINGERPRINTS-----
<14>Oct 11 00:08:45 ec2: 1024 SHA256:IikaluBPANBS2Sn+RTvNWeQD/6HxQl0xjJ3UueyQxPg root@ubuntu-bionic (DSA)
<14>Oct 11 00:08:45 ec2: 256 SHA256:8rsRbcx7Oe8KlXf+whRMDjo/jxAZ852CP63C4+Cuwhw root@ubuntu-bionic (ECDSA)
<14>Oct 11 00:08:45 ec2: 256 SHA256:9kGaxKekB2NG0653XwwqcWnTntrLl2P+BOhaH/LpmxY root@ubuntu-bionic (ED25519)
<14>Oct 11 00:08:45 ec2: 2048 SHA256:Bnh8865fQ8RBJ964+E+MlapxNmbQOr1tFOJJS+8rVhc root@ubuntu-bionic (RSA)
<14>Oct 11 00:08:45 ec2: -----END SSH HOST KEY FINGERPRINTS-----
<14>Oct 11 00:08:45 ec2: #############################################################
-----BEGIN SSH HOST KEY KEYS-----
ecdsa-sha2-nistp256 AAAAE2VjZHNhLXNoYTItbmlzdHAyNTYAAAAIbmlzdHAyNTYAAABBBFR98KA/ZcF+ticox8I9ghVXRH+J5Ri6goXtsMrYWS0SPuHh90/NrADJVkbqRe7zbMESaAchbASd7P5b3CbwLlE= root@ubuntu-bionic
ssh-ed25519 AAAAC3NzaC1lZDI1NTE5AAAAIPVSsI9zHFt+2OlUrXR8oNeh7RujZ83mH5nYVhGSJSfR root@ubuntu-bionic
ssh-rsa AAAAB3NzaC1yc2EAAAADAQABAAABAQCrKh5TxEgo9dMwGNhWj05XsZaYmJuinsH4Vi9fCxcjXYfOkI1d1H6OsviE68F3CnHKKHQMQ0WWpCRGjrzkVZSABuQDJjlS8tzEr02jbtTtOR9gwzvZPJxAZvrDP58t2P03Bd/JEjV/46dWbl+4c4m6Fu9911r49ktBPkVjJZVucW6dDsX5h9yZ3CdXUkNhdzq0Y4SBQD5Sp5qjOe82ym2NPQYq2QVTMvZ7KO5Xt7XStyKlYW2Di8gc8UWc7kCkkbPl3A4XVsGNbUV+cBoMC+IyN5E7ZChTc3Lbb0yIBl8wQt665gF3o1x9pNDin6lYfWgGnoO3PKcILjOl5Ky2ztfl root@ubuntu-bionic
-----END SSH HOST KEY KEYS-----
[   19.546741] cloud-init[1305]: Cloud-init v. 19.2-36-g059d049c-0ubuntu2~18.04.1 running 'modules:final' at Fri, 11 Oct 2019 00:08:45 +0000. Up 19.31 seconds.
[   19.549187] cloud-init[1305]: ci-info: no authorized ssh keys fingerprints found for user ubuntu.
[   19.552186] cloud-init[1305]: Cloud-init v. 19.2-36-g059d049c-0ubuntu2~18.04.1 finished at Fri, 11 Oct 2019 00:08:45 +0000. Datasource DataSourceNoCloud [seed=/dev/sdb][dsmode=net].  Up 19.53 seconds
         Stopping Availability of block devices...
[[0;32m  OK  [0m] Stopped target Host and Network Name Lookups.
[[0;32m  OK  [0m] Stopped target Timers.
[[0;32m  OK  [0m] Stopped Daily apt upgrade and clean activities.
[[0;32m  OK  [0m] Stopped Discard unused blocks once a week.
[[0;32m  OK  [0m] Stopped Message of the Day.
[[0;32m  OK  [0m] Stopped Daily apt download activities.
[[0;32m  OK  [0m] Stopped target System Time Synchronized.
[[0;32m  OK  [0m] Stopped target Cloud-init target.
[[0;32m  OK  [0m] Stopped Execute cloud user/final scripts.
[[0;32m  OK  [0m] Stopped Daily Cleanup of Temporary Directories.
[[0;32m  OK  [0m] Closed Load/Save RF Kill Switch Status /dev/rfkill Watch.
[[0;32m  OK  [0m] Stopped target Graphical Interface.
         Stopping Accounts Service...
[[0;32m  OK  [0m] Stopped target Multi-User System.
         Stopping Docker Application Container Engine...
[[0;32m  OK  [0m] Stopped target Login Prompts.
         Stopping Getty on tty1...
         Stopping Serial Getty on ttyS0...
         Stopping Deferred execution scheduler...
         Stopping LSB: automatic crash report generation...
         Stopping System Logging Service...
         Stopping Unattended Upgrades Shutdown...
         Stopping OpenBSD Secure Shell server...
         Stopping Virtualbox guest utils...
         Stopping User Manager for UID 1000...
         Stopping LXD - container startup/shutdown...
         Stopping Authorization Manager...
         Stopping Dispatcher daemon for systemd-networkd...
[[0;32m  OK  [0m] Stopped Apply the settings specified in cloud-config.
[[0;32m  OK  [0m] Stopped Wait until snapd is fully seeded.
[[0;32m  OK  [0m] Stopped target Cloud-config availability.
         Stopping D-Bus System Message Bus...
         Stopping Regular background program processing daemon...
         Stopping FUSE filesystem for LXC...
         Stopping LSB: Record successful boot for GRUB...
         Stopping Session 10 of user vagrant.
[[0;32m  OK  [0m] Unmounted /var/lib/lxcfs.
[[0;32m  OK  [0m] Stopped Dispatcher daemon for systemd-networkd.
[[0;32m  OK  [0m] Stopped Regular background program processing daemon.
[[0;32m  OK  [0m] Stopped Accounts Service.
[[0;32m  OK  [0m] Stopped Deferred execution scheduler.
[[0;32m  OK  [0m] Stopped System Logging Service.
[[0;32m  OK  [0m] Stopped Serial Getty on ttyS0.
[[0;32m  OK  [0m] Stopped Unattended Upgrades Shutdown.
[[0;32m  OK  [0m] Stopped Getty on tty1.
[[0;32m  OK  [0m] Stopped Authorization Manager.
[[0;32m  OK  [0m] Stopped OpenBSD Secure Shell server.
[[0;32m  OK  [0m] Stopped User Manager for UID 1000.
[[0;32m  OK  [0m] Stopped Availability of block devices.
[[0;32m  OK  [0m] Stopped D-Bus System Message Bus.
[[0;32m  OK  [0m] Stopped FUSE filesystem for LXC.
[[0;32m  OK  [0m] Stopped Session 10 of user vagrant.
[[0;32m  OK  [0m] Removed slice User Slice of vagrant.
[[0;32m  OK  [0m] Removed slice system-getty.slice.
         Stopping Login Service...
[[0;32m  OK  [0m] Removed slice system-serial\x2dgetty.slice.
         Stopping Permit User Sessions...
[[0;32m  OK  [0m] Stopped Login Service.
[[0;32m  OK  [0m] Stopped LXD - container startup/shutdown.
[[0;32m  OK  [0m] Stopped LSB: Record successful boot for GRUB.
[[0;32m  OK  [0m] Stopped Permit User Sessions.
[[0;32m  OK  [0m] Stopped LSB: automatic crash report generation.
[[0;32m  OK  [0m] Stopped target Remote File Systems.
[[0;32m  OK  [0m] Stopped target Remote File Systems (Pre).
[[0;32m  OK  [0m] Stopped target User and Group Name Lookups.
[[0;32m  OK  [0m] Stopped Virtualbox guest utils.
[[0;32m  OK  [0m] Unmounted /run/docker/netns/79f0ce325f8c.
[[0;32m  OK  [0m] Unmounted /var/lib/docker/overlay2/…c2d4801cee7d77ff678e4b4604/merged.
[[0;32m  OK  [0m] Stopped Docker Application Container Engine.
[[0;32m  OK  [0m] Stopped target Network is Online.
         Stopping containerd container runtime...
[[0;32m  OK  [0m] Stopped containerd container runtime.
[[0;32m  OK  [0m] Stopped target Network.
         Stopping Network Name Resolution...
[[0;32m  OK  [0m] Stopped target Basic System.
[[0;32m  OK  [0m] Stopped target Sockets.
[[0;32m  OK  [0m] Closed D-Bus System Message Bus Socket.
[[0;32m  OK  [0m] Closed Open-iSCSI iscsid Socket.
[[0;32m  OK  [0m] Closed ACPID Listen Socket.
[[0;32m  OK  [0m] Closed UUID daemon activation socket.
[[0;32m  OK  [0m] Closed Socket activation for snappy daemon.
[[0;32m  OK  [0m] Closed Syslog Socket.
[[0;32m  OK  [0m] Closed LXD - unix socket.
[[0;32m  OK  [0m] Closed Docker Socket for the API.
[[0;32m  OK  [0m] Stopped target Paths.
[[0;32m  OK  [0m] Stopped ACPI Events Check.
[[0;32m  OK  [0m] Stopped target Slices.
[[0;32m  OK  [0m] Removed slice User and Session Slice.
[[0;32m  OK  [0m] Stopped target System Initialization.
         Stopping Update UTMP about System Boot/Shutdown...
[[0;32m  OK  [0m] Stopped target Local Encrypted Volumes.
[[0;32m  OK  [0m] Stopped Dispatch Password Requests to Console Directory Watch.
[[0;32m  OK  [0m] Stopped Forward Password Requests to Wall Directory Watch.
         Stopping Load/Save Random Seed...
[[0;32m  OK  [0m] Stopped Initial cloud-init job (metadata service crawler).
[[0;32m  OK  [0m] Stopped Commit a transient machine-id on disk.
[[0;32m  OK  [0m] Stopped Network Name Resolution.
[[0;32m  OK  [0m] Stopped Load/Save Random Seed.
         Stopping Network Service...
[[0;32m  OK  [0m] Stopped Update UTMP about System Boot/Shutdown.
[[0;32m  OK  [0m] Stopped Create Volatile Files and Directories.
[[0;32m  OK  [0m] Stopped target Local File Systems.
         Unmounting /vagrant...
         Unmounting /run/user/1000...
[[0;32m  OK  [0m] Stopped Network Service.
[[0;32m  OK  [0m] Unmounted /vagrant.
[[0;32m  OK  [0m] Unmounted /run/user/1000.
[[0;32m  OK  [0m] Stopped target Swap.
[[0;32m  OK  [0m] Reached target Unmount All Filesystems.
[[0;32m  OK  [0m] Stopped target Local File Systems (Pre).
         Stopping Monitoring of LVM2 mirrors…ng dmeventd or progress polling...
[[0;32m  OK  [0m] Stopped Create Static Device Nodes in /dev.
[[0;32m  OK  [0m] Stopped target Network (Pre).
[[0;32m  OK  [0m] Stopped Initial cloud-init job (pre-networking).
[[0;32m  OK  [0m] Stopped Remount Root and Kernel File Systems.
[[0;32m  OK  [0m] Stopped Apply Kernel Variables.
[[0;32m  OK  [0m] Stopped Load Kernel Modules.
[[0;32m  OK  [0m] Reached target Shutdown.
[[0;32m  OK  [0m] Reached target Final Step.
         Starting Power-Off...
[  638.268420] reboot: Power down
